Number of significantly discriminative features: 332 ( 332 ) before internal wilcoxon
Number of discriminative features with abs LDA score > 4.0 : 24
clade_sep parameter too large, lowered to 0.150169372559
Exporting  k__Bacteria.p__Bacteroidetes.c__Sphingobacteriia
Exporting  k__Bacteria.p__Acidobacteria.c__Acidobacteria.o__Subgroup_3.f__Unknown_Family
Exporting  k__Bacteria.p__Gemmatimonadetes.c__Gemmatimonadetes.o__Gemmatimonadales
Exporting  k__Bacteria.p__Proteobacteria.c__Alphaproteobacteria.o__Sphingomonadales
Exporting  k__Bacteria.p__Bacteroidetes.c__Sphingobacteriia.o__Sphingobacteriales.f__Chitinophagaceae
Exporting  k__Bacteria.p__Proteobacteria.c__Gammaproteobacteria.o__Pseudomonadales.f__Pseudomonadaceae
Exporting  k__Bacteria.p__Proteobacteria.c__Gammaproteobacteria.o__Pseudomonadales.f__Pseudomonadaceae.g__Pseudomonas
Exporting  k__Bacteria.p__Gemmatimonadetes.c__Gemmatimonadetes
Exporting  k__Bacteria.p__Proteobacteria.c__Betaproteobacteria.o__Burkholderiales
Exporting  k__Bacteria.p__Gemmatimonadetes
Exporting  k__Bacteria.p__Bacteroidetes.c__Sphingobacteriia.o__Sphingobacteriales.f__Chitinophagaceae.g__Flavisolibacter
Exporting  k__Bacteria.p__Proteobacteria.c__Alphaproteobacteria.o__Sphingomonadales.f__Sphingomonadaceae.g__Sphingomonas
Exporting  k__Bacteria.p__Gemmatimonadetes.c__Gemmatimonadetes.o__Gemmatimonadales.f__Gemmatimonadaceae.g__Gemmatimonas
Exporting  k__Bacteria.p__Proteobacteria.c__Alphaproteobacteria.o__Sphingomonadales.f__Sphingomonadaceae
Exporting  k__Bacteria.p__Bacteroidetes.c__Sphingobacteriia.o__Sphingobacteriales
Exporting  k__Bacteria.p__Proteobacteria.c__Betaproteobacteria
Exporting  k__Bacteria.p__Proteobacteria.c__Alphaproteobacteria
Exporting  k__Bacteria.p__Proteobacteria.c__Betaproteobacteria.o__Burkholderiales.f__Oxalobacteraceae.g__Massilia
Exporting  k__Bacteria.p__Gemmatimonadetes.c__Gemmatimonadetes.o__Gemmatimonadales.f__Gemmatimonadaceae
Exporting  k__Bacteria.p__Acidobacteria.c__Acidobacteria.o__Subgroup_3
Exporting  k__Bacteria.p__Acidobacteria.c__Acidobacteria.o__Subgroup_4
Exporting  k__Bacteria
Exporting  k__Bacteria.p__Proteobacteria.c__Betaproteobacteria.o__Burkholderiales.f__Oxalobacteraceae
Exporting  k__Bacteria.p__Proteobacteria.c__Betaproteobacteria.o__Burkholderiales.f__Burkholderiaceae
